proguard/seeds.txt
com.jim.weather.R$anim: int abc_fade_in
com.jim.weather.R$anim: int abc_fade_out
com.jim.weather.R$anim: int abc_slide_in_bottom
com.jim.weather.R$anim: int abc_slide_in_top
com.jim.weather.R$anim: int abc_slide_out_bottom
com.jim.weather.R$anim: int abc_slide_out_top
com.jim.weather.R$attr: int actionBarDivider
com.jim.weather.R$attr: int actionBarItemBackground
com.jim.weather.R$attr: int actionBarPopupTheme
com.jim.weather.R$attr: int actionBarSize
com.jim.weather.R$attr: int actionBarSplitStyle
com.jim.weather.R$attr: int actionBarStyle
com.jim.weather.R$attr: int actionBarTabBarStyle
com.jim.weather.R$attr: int actionBarTabStyle
com.jim.weather.R$attr: int actionBarTabTextStyle
com.jim.weather.R$attr: int actionBarTheme
com.jim.weather.R$attr: int actionBarWidgetTheme
com.jim.weather.R$attr: int actionButtonStyle
com.jim.weather.R$attr: int actionDropDownStyle
com.jim.weather.R$attr: int actionLayout
com.jim.weather.R$attr: int actionMenuTextAppearance
com.jim.weather.R$attr: int actionMenuTextColor
com.jim.weather.R$attr: int actionModeBackground
com.jim.weather.R$attr: int actionModeCloseButtonStyle
com.jim.weather.R$attr: int actionModeCloseDrawable
com.jim.weather.R$attr: int actionModeCopyDrawable
com.jim.weather.R$attr: int actionModeCutDrawable
com.jim.weather.R$attr: int actionModeFindDrawable
com.jim.weather.R$attr: int actionModePasteDrawable
com.jim.weather.R$attr: int actionModePopupWindowStyle
com.jim.weather.R$attr: int actionModeSelectAllDrawable
com.jim.weather.R$attr: int actionModeShareDrawable
com.jim.weather.R$attr: int actionModeSplitBackground
com.jim.weather.R$attr: int actionModeStyle
com.jim.weather.R$attr: int actionModeWebSearchDrawable
com.jim.weather.R$bool: int abc_action_bar_embed_tabs
com.jim.weather.R$bool: int abc_action_bar_embed_tabs_pre_jb
com.jim.weather.R$bool: int abc_action_bar_expanded_action_views_exclusive
com.jim.weather.R$bool: int abc_config_actionMenuItemAllCaps
com.jim.weather.R$bool: int abc_config_allowActionMenuItemTextWithIcon
com.jim.weather.R$bool: int abc_config_showMenuShortcutsWhenKeyboardPresent
com.jim.weather.R$color: int abc_background_cache_hint_selector_material_dark
com.jim.weather.R$color: int abc_background_cache_hint_selector_material_light
com.jim.weather.R$color: int abc_input_method_navigation_guard
com.jim.weather.R$color: int abc_primary_text_disable_only_material_dark
com.jim.weather.R$color: int abc_primary_text_disable_only_material_light
com.jim.weather.R$color: int abc_primary_text_material_dark
com.jim.weather.R$color: int abc_primary_text_material_light
com.jim.weather.R$color: int abc_search_url_text
com.jim.weather.R$color: int abc_search_url_text_normal
com.jim.weather.R$color: int abc_search_url_text_pressed
com.jim.weather.R$color: int abc_search_url_text_selected
com.jim.weather.R$color: int abc_secondary_text_material_dark
com.jim.weather.R$color: int abc_secondary_text_material_light
com.jim.weather.R$color: int accent_material_dark
com.jim.weather.R$color: int accent_material_light
com.jim.weather.R$color: int background_floating_material_dark
com.jim.weather.R$color: int background_floating_material_light
com.jim.weather.R$color: int background_material_dark
com.jim.weather.R$color: int background_material_light
com.jim.weather.R$color: int bright_foreground_disabled_material_dark
com.jim.weather.R$color: int bright_foreground_disabled_material_light
com.jim.weather.R$color: int bright_foreground_inverse_material_dark
com.jim.weather.R$color: int bright_foreground_inverse_material_light
...
com.lidroid.xutils.bitmap.BitmapCommonUtils
com.lidroid.xutils.bitmap.BitmapCommonUtils: com.lidroid.xutils.bitmap.core.BitmapSize screenSize
com.lidroid.xutils.bitmap.BitmapCommonUtils: void <clinit>()
com.lidroid.xutils.bitmap.BitmapCommonUtils: BitmapCommonUtils()
com.lidroid.xutils.bitmap.BitmapCommonUtils: com.lidroid.xutils.bitmap.core.BitmapSize getScreenSize(android.content.Context)
com.lidroid.xutils.bitmap.BitmapCommonUtils: com.lidroid.xutils.bitmap.core.BitmapSize optimizeMaxSizeByView(android.view.View,int,int)
com.lidroid.xutils.bitmap.BitmapCommonUtils: int getImageViewFieldValue(java.lang.Object,java.lang.String)
com.lidroid.xutils.bitmap.BitmapDisplayConfig
com.lidroid.xutils.bitmap.BitmapDisplayConfig: com.lidroid.xutils.bitmap.core.BitmapSize bitmapMaxSize
com.lidroid.xutils.bitmap.BitmapDisplayConfig: android.view.animation.Animation animation
com.lidroid.xutils.bitmap.BitmapDisplayConfig: android.graphics.drawable.Drawable loadingDrawable
com.lidroid.xutils.bitmap.BitmapDisplayConfig: android.graphics.drawable.Drawable loadFailedDrawable
com.lidroid.xutils.bitmap.BitmapDisplayConfig: boolean autoRotation
com.lidroid.xutils.bitmap.BitmapDisplayConfig: boolean showOriginal
com.lidroid.xutils.bitmap.BitmapDisplayConfig: android.graphics.Bitmap$Config bitmapConfig
com.lidroid.xutils.bitmap.BitmapDisplayConfig: com.lidroid.xutils.bitmap.factory.BitmapFactory bitmapFactory
com.lidroid.xutils.bitmap.BitmapDisplayConfig: com.lidroid.xutils.task.Priority priority
com.lidroid.xutils.bitmap.BitmapDisplayConfig: BitmapDisplayConfig()
com.lidroid.xutils.bitmap.BitmapDisplayConfig: com.lidroid.xutils.bitmap.core.BitmapSize getBitmapMaxSize()
com.lidroid.xutils.bitmap.BitmapDisplayConfig: void setBitmapMaxSize(com.lidroid.xutils.bitmap.core.BitmapSize)
com.lidroid.xutils.bitmap.BitmapDisplayConfig: android.view.animation.Animation getAnimation()
com.lidroid.xutils.bitmap.BitmapDisplayConfig: void setAnimation(android.view.animation.Animation)
com.lidroid.xutils.bitmap.BitmapDisplayConfig: android.graphics.drawable.Drawable getLoadingDrawable()
com.lidroid.xutils.bitmap.BitmapGlobalConfig
com.lidroid.xutils.bitmap.BitmapGlobalConfig: java.lang.String diskCachePath
com.lidroid.xutils.bitmap.BitmapGlobalConfig: int MIN_MEMORY_CACHE_SIZE
com.lidroid.xutils.bitmap.BitmapGlobalConfig: int memoryCacheSize
com.lidroid.xutils.bitmap.BitmapGlobalConfig: int MIN_DISK_CACHE_SIZE
com.lidroid.xutils.bitmap.BitmapGlobalConfig: int diskCacheSize
com.lidroid.xutils.bitmap.BitmapGlobalConfig: boolean memoryCacheEnabled
com.lidroid.xutils.bitmap.BitmapGlobalConfig: boolean diskCacheEnabled
com.lidroid.xutils.bitmap.BitmapGlobalConfig: com.lidroid.xutils.bitmap.download.Downloader downloader
com.lidroid.xutils.bitmap.BitmapGlobalConfig: com.lidroid.xutils.bitmap.core.BitmapCache bitmapCache
com.lidroid.xutils.bitmap.BitmapGlobalConfig: int DEFAULT_POOL_SIZE
com.lidroid.xutils.bitmap.BitmapGlobalConfig: com.lidroid.xutils.task.PriorityExecutor BITMAP_LOAD_EXECUTOR
com.lidroid.xutils.bitmap.BitmapGlobalConfig: com.lidroid.xutils.task.PriorityExecutor DISK_CACHE_EXECUTOR
com.lidroid.xutils.bitmap.BitmapGlobalConfig: long defaultCacheExpiry
com.lidroid.xutils.bitmap.BitmapGlobalConfig: int defaultConnectTimeout
com.lidroid.xutils.bitmap.BitmapGlobalConfig: int defaultReadTimeout
com.lidroid.xutils.bitmap.BitmapGlobalConfig: com.lidroid.xutils.cache.FileNameGenerator fileNameGenerator
com.lidroid.xutils.bitmap.BitmapGlobalConfig: com.lidroid.xutils.bitmap.BitmapCacheListener bitmapCacheListener