proguard/mapping.txt
com.jim.weather.activity.ChoiceCounty -> com.jim.weather.activity.ChoiceCounty:
    android.widget.TextView tv_province -> a
    android.widget.TextView tv_city -> b
    android.widget.TextView tv_county -> c
    android.widget.TextView currentView -> d
    android.widget.PopupWindow popupWindow -> e
    android.widget.ListView listView -> f
    com.jim.weather.activity.ChoiceCounty$MyAdapter adapter -> g
    java.util.List s -> h
    java.lang.String TAG -> i
    android.widget.TextView tv_title -> j
    void onCreate(android.os.Bundle) -> onCreate
    void initData() -> a
    void initListener() -> b
    void initView() -> c
    void ok(android.view.View) -> ok
    void auto(android.view.View) -> auto
    void onClick(android.view.View) -> onClick
    void showPop(android.widget.TextView) -> a
    java.util.List access$0(com.jim.weather.activity.ChoiceCounty) -> a
    android.widget.TextView access$1(com.jim.weather.activity.ChoiceCounty) -> b
    android.widget.PopupWindow access$2(com.jim.weather.activity.ChoiceCounty) -> c
    void access$3(com.jim.weather.activity.ChoiceCounty,android.widget.PopupWindow) -> a
com.jim.weather.activity.ChoiceCounty$1 -> com.jim.weather.activity.a:
    com.jim.weather.activity.ChoiceCounty this$0 -> a
    void onItemClick(android.widget.AdapterView,android.view.View,int,long) -> onItemClick
com.jim.weather.activity.ChoiceCounty$MyAdapter -> com.jim.weather.activity.b:
    com.jim.weather.activity.ChoiceCounty this$0 -> a
    int getCount() -> getCount
    java.lang.String getItem(int) -> a
    long getItemId(int) -> getItemId
    android.view.View getView(int,android.view.View,android.view.ViewGroup) -> getView
    java.lang.Object getItem(int) -> getItem
com.jim.weather.activity.ChoiceCounty$MyAdapter$ViewHolder -> com.jim.weather.activity.c:
    android.widget.TextView tv -> a
    com.jim.weather.activity.ChoiceCounty$MyAdapter this$1 -> b
com.jim.weather.activity.MainActivity -> com.jim.weather.activity.MainActivity:
    com.jim.weather.bean.WeatherInfo weatherInfo -> b
    android.widget.TextView tv_now -> c
    java.util.List tv_next -> d
    java.lang.String TAG -> e
    java.lang.String county -> f
    java.lang.String city -> g
    android.widget.TextView tv_title -> h
    android.widget.RelativeLayout setting_changecounty -> i
    com.jeremyfeinstein.slidingmenu.lib.SlidingMenu slidingMenu -> j
    android.widget.ImageView iv_menu -> k
    android.widget.PopupWindow popupWindow -> l
    android.widget.TextView tv_auto -> m
    android.widget.TextView tv_choise -> n
    com.baidu.location.LocationClient mLocationClient -> o
    android.os.Handler handler -> a
    android.widget.ImageView iv_refresh -> p
    android.widget.TextView tv_updatetime -> q
    android.view.animation.RotateAnimation rotate -> r
    android.widget.RelativeLayout setting_autoupdate -> s
    android.widget.LinearLayout popView -> t
    com.jim.weather.activity.MainActivity$AutoUpdateReciever autoUpdateReciever -> u
    android.widget.TextView tv_autoupdate_desc -> v
    void onCreate(android.os.Bundle) -> onCreate
    void intiListener() -> d
    void initView() -> e
    void initData() -> a
    boolean upDateWeatherInfoFromSD(java.lang.String,java.lang.String) -> a
    void upDateWeatherInfoOnline(java.lang.String,java.lang.String) -> b
    void upDateUI(java.lang.String) -> a
com.jim.weather.activity.MainActivity$1 -> com.jim.weather.activity.d:
    com.jim.weather.activity.MainActivity this$0 -> a
    void handleMessage(android.os.Message) -> handleMessage
com.jim.weather.activity.MainActivity$2 -> com.jim.weather.activity.e:
    com.jim.weather.activity.MainActivity this$0 -> a
    java.lang.String val$cityid -> b
    void onSuccess(com.lidroid.xutils.http.ResponseInfo) -> onSuccess
    void onFailure(com.lidroid.xutils.exception.HttpException,java.lang.String) -> onFailure
...
com.lidroid.xutils.http.RequestParams$HeaderItem -> com.lidroid.xutils.http.RequestParams$HeaderItem:
    boolean overwrite -> overwrite
    org.apache.http.Header header -> header
    com.lidroid.xutils.http.RequestParams this$0 -> this$0
com.lidroid.xutils.http.ResponseInfo -> com.lidroid.xutils.http.ResponseInfo:
    org.apache.http.HttpResponse response -> response
    java.lang.Object result -> result
    boolean resultFormCache -> resultFormCache
    java.util.Locale locale -> locale
    int statusCode -> statusCode
    org.apache.http.ProtocolVersion protocolVersion -> protocolVersion
    java.lang.String reasonPhrase -> reasonPhrase
    long contentLength -> contentLength
    org.apache.http.Header contentType -> contentType
    org.apache.http.Header contentEncoding -> contentEncoding
    org.apache.http.Header[] getAllHeaders() -> getAllHeaders
    org.apache.http.Header[] getHeaders(java.lang.String) -> getHeaders
    org.apache.http.Header getFirstHeader(java.lang.String) -> getFirstHeader
    org.apache.http.Header getLastHeader(java.lang.String) -> getLastHeader
com.lidroid.xutils.http.ResponseStream -> com.lidroid.xutils.http.ResponseStream:
    org.apache.http.HttpResponse baseResponse -> baseResponse
    java.io.InputStream baseStream -> baseStream
    java.lang.String charset -> charset
    java.lang.String requestUrl -> requestUrl
    java.lang.String requestMethod -> requestMethod
    long expiry -> expiry
    java.lang.String _directResult -> _directResult
    java.lang.String getRequestUrl() -> getRequestUrl
    java.lang.String getRequestMethod() -> getRequestMethod
    void setRequestMethod(java.lang.String) -> setRequestMethod
    java.io.InputStream getBaseStream() -> getBaseStream
    org.apache.http.HttpResponse getBaseResponse() -> getBaseResponse
    int getStatusCode() -> getStatusCode
    java.util.Locale getLocale() -> getLocale
    java.lang.String getReasonPhrase() -> getReasonPhrase
    java.lang.String readString() -> readString
    void readFile(java.lang.String) -> readFile
    int read() -> read
    int available() -> available
    void close() -> close
    void mark(int) -> mark
    boolean markSupported() -> markSupported
    int read(byte[]) -> read
    int read(byte[],int,int) -> read
    void reset() -> reset
    long skip(long) -> skip
    long getContentLength() -> getContentLength
com.lidroid.xutils.http.SyncHttpHandler -> com.lidroid.xutils.http.SyncHttpHandler:
    org.apache.http.impl.client.AbstractHttpClient client -> client
    org.apache.http.protocol.HttpContext context -> context
    com.lidroid.xutils.http.callback.HttpRedirectHandler httpRedirectHandler -> httpRedirectHandler
    java.lang.String requestUrl -> requestUrl
    java.lang.String requestMethod -> requestMethod
    java.lang.String charset -> charset
    int retriedTimes -> retriedTimes
    long expiry -> expiry
    void setHttpRedirectHandler(com.lidroid.xutils.http.callback.HttpRedirectHandler) -> setHttpRedirectHandler
    void setExpiry(long) -> setExpiry
    com.lidroid.xutils.http.ResponseStream sendRequest(org.apache.http.client.methods.HttpRequestBase) -> sendRequest
    com.lidroid.xutils.http.ResponseStream handleResponse(org.apache.http.HttpResponse) -> handleResponse
com.lidroid.xutils.http.callback.DefaultHttpRedirectHandler -> com.lidroid.xutils.http.callback.DefaultHttpRedirectHandler:
    org.apache.http.client.methods.HttpRequestBase getDirectRequest(org.apache.http.HttpResponse) -> getDirectRequest
com.lidroid.xutils.http.callback.FileDownloadHandler -> com.lidroid.xutils.http.callback.FileDownloadHandler:
    java.io.File handleEntity(org.apache.http.HttpEntity,com.lidroid.xutils.http.callback.RequestCallBackHandler,java.lang.String,boolean,java.lang.String) -> handleEntity