proguard/usage.txt
com.jim.weather.BuildConfig
com.jim.weather.R
com.jim.weather.R$anim
com.jim.weather.R$attr
com.jim.weather.R$bool
com.jim.weather.R$color
com.jim.weather.R$dimen
com.jim.weather.R$drawable
com.jim.weather.R$id
com.jim.weather.R$integer
com.jim.weather.R$layout
com.jim.weather.R$string
com.jim.weather.R$style
com.jim.weather.R$styleable
com.jim.weather.activity.ChoiceCounty:
    private com.baidu.location.LocationClient mLocationClient
com.jim.weather.activity.Splash:
    private static final java.lang.String TAG
com.jim.weather.global.URL
com.jim.weather.utiles.Baidu2Hefeng:
    7:7:public Baidu2Hefeng()
com.jim.weather.utiles.CursorUtils
com.jim.weather.utiles.DbUtiles:
    15:15:public DbUtiles()
com.jim.weather.utiles.JsonToBean:
    14:14:public JsonToBean()
com.jim.weather.utiles.Logger:
    static final int VERBOSE
    static final int DEBUG
    static final int INFO
    static final int WARM
    static final int ERROR
    private static final int CURRENT
    9:9:public Logger()
    23:25:public static void d(java.lang.String,java.lang.String)
    28:30:public static void w(java.lang.String,java.lang.String)
    33:35:public static void e(java.lang.String,java.lang.String)
com.jim.weather.utiles.StringUtils:
    19:19:public StringUtils()
...
android.support.v4.view.accessibility.AccessibilityRecordCompatIcsMr1
android.support.v4.view.accessibility.AccessibilityRecordCompatJellyBean
android.support.v4.widget.AutoScrollHelper:
    public static final float RELATIVE_UNSPECIFIED
    public static final float NO_MAX
    public static final float NO_MIN
    public static final int EDGE_TYPE_INSIDE
    public static final int EDGE_TYPE_INSIDE_EXTEND
    public static final int EDGE_TYPE_OUTSIDE
    private static final int HORIZONTAL
    private static final int VERTICAL
    private static final int DEFAULT_EDGE_TYPE
    private static final int DEFAULT_MINIMUM_VELOCITY_DIPS
    private static final int DEFAULT_MAXIMUM_VELOCITY_DIPS
    private static final float DEFAULT_MAXIMUM_EDGE
    private static final float DEFAULT_RELATIVE_EDGE
    private static final float DEFAULT_RELATIVE_VELOCITY
    private static final int DEFAULT_RAMP_UP_DURATION
    private static final int DEFAULT_RAMP_DOWN_DURATION
    247:247:public boolean isEnabled()
    263:264:public android.support.v4.widget.AutoScrollHelper setExclusive(boolean)
    276:276:public boolean isExclusive()
android.support.v4.widget.BakedBezierInterpolator
android.support.v4.widget.CircleImageView
android.support.v4.widget.CircleImageView$OvalShadow
android.support.v4.widget.ContentLoadingProgressBar
android.support.v4.widget.ContentLoadingProgressBar$1
android.support.v4.widget.ContentLoadingProgressBar$2
android.support.v4.widget.CursorAdapter:
    public static final int FLAG_AUTO_REQUERY
    public static final int FLAG_REGISTER_CONTENT_OBSERVER
    121:123:public CursorAdapter(android.content.Context,android.database.Cursor)
    150:152:public CursorAdapter(android.content.Context,android.database.Cursor,int)
    160:161:protected void init(android.content.Context,android.database.Cursor,boolean)
    420:420:public android.widget.FilterQueryProvider getFilterQueryProvider()
    436:437:public void setFilterQueryProvider(android.widget.FilterQueryProvider)
android.support.v4.widget.DrawerLayout
android.support.v4.widget.DrawerLayout$AccessibilityDelegate
android.support.v4.widget.DrawerLayout$ChildAccessibilityDelegate
android.support.v4.widget.DrawerLayout$DrawerLayoutCompatImpl
android.support.v4.widget.DrawerLayout$DrawerLayoutCompatImplApi21
android.support.v4.widget.DrawerLayout$DrawerLayoutCompatImplBase
android.support.v4.widget.DrawerLayout$DrawerListener
android.support.v4.widget.DrawerLayout$EdgeGravity
android.support.v4.widget.DrawerLayout$LayoutParams
android.support.v4.widget.DrawerLayout$LockMode
android.support.v4.widget.DrawerLayout$SavedState
android.support.v4.widget.DrawerLayout$SavedState$1
android.support.v4.widget.DrawerLayout$SimpleDrawerListener
android.support.v4.widget.DrawerLayout$State
android.support.v4.widget.DrawerLayout$ViewDragCallback
android.support.v4.widget.DrawerLayout$ViewDragCallback$1
android.support.v4.widget.DrawerLayoutCompatApi21
android.support.v4.widget.DrawerLayoutCompatApi21$InsetsListener
android.support.v4.widget.DrawerLayoutImpl
android.support.v4.widget.EdgeEffectCompat
android.support.v4.widget.EdgeEffectCompat$BaseEdgeEffectImpl
android.support.v4.widget.EdgeEffectCompat$EdgeEffectIcsImpl
android.support.v4.widget.EdgeEffectCompat$EdgeEffectImpl
android.support.v4.widget.EdgeEffectCompatIcs
android.support.v4.widget.ExploreByTouchHelper
android.support.v4.widget.ExploreByTouchHelper$1
android.support.v4.widget.ExploreByTouchHelper$ExploreByTouchNodeProvider
android.support.v4.widget.ListPopupWindowCompat
android.support.v4.widget.ListPopupWindowCompat$BaseListPopupWindowImpl
android.support.v4.widget.ListPopupWindowCompat$KitKatListPopupWindowImpl
android.support.v4.widget.ListPopupWindowCompat$ListPopupWindowImpl
android.support.v4.widget.ListPopupWindowCompatKitKat
android.support.v4.widget.MaterialProgressDrawable
android.support.v4.widget.MaterialProgressDrawable$1